<?xml version="1.0" encoding="UTF-8"?>
<!-- Generated by org.testng.reporters.JUnitXMLReporter -->
<testsuite ignored="1" hostname="DESKTOP-D4ING0F" failures="0" tests="2" name="Test" time="0.063" errors="0" timestamp="2022-10-31T23:46:02 IST">
  <testcase classname="com.Utility.BaseClass" name="@BeforeMethod setUp" time="-1.667240162821E9">
    <failure type="org.testng.TestNGException" message="
Can inject only one of &amp;lt;ITestContext, XmlTest, Method, Object[], ITestResult&amp;gt; into a @BeforeMethod annotated setUp.
For more information on native dependency injection please refer to https://testng.org/doc/documentation-main.html#native-dependency-injection">
      <![CDATA[org.testng.TestNGException: 
Can inject only one of <ITestContext, XmlTest, Method, Object[], ITestResult> into a @BeforeMethod annotated setUp.
For more information on native dependency injection please refer to https://testng.org/doc/documentation-main.html#native-dependency-injection
at java.base/java.util.ArrayList.forEach(ArrayList.java:1511)
... Removed 28 stack frames]]>
    </failure>
  </testcase> <!-- @BeforeMethod setUp -->
  <testcase classname="com.Utility.BaseClass" name="@AfterMethod closeSetUp" time="-1.667240162841E9">
    <skipped/>
  </testcase> <!-- @AfterMethod closeSetUp -->
  <testcase classname="com.Utility.BaseClass" name="@BeforeMethod setUp" time="-1.667240162849E9">
    <failure type="org.testng.TestNGException" message="
Can inject only one of &amp;lt;ITestContext, XmlTest, Method, Object[], ITestResult&amp;gt; into a @BeforeMethod annotated setUp.
For more information on native dependency injection please refer to https://testng.org/doc/documentation-main.html#native-dependency-injection">
      <![CDATA[org.testng.TestNGException: 
Can inject only one of <ITestContext, XmlTest, Method, Object[], ITestResult> into a @BeforeMethod annotated setUp.
For more information on native dependency injection please refer to https://testng.org/doc/documentation-main.html#native-dependency-injection
at java.base/java.util.ArrayList.forEach(ArrayList.java:1511)
... Removed 28 stack frames]]>
    </failure>
  </testcase> <!-- @BeforeMethod setUp -->
  <testcase classname="com.Utility.BaseClass" name="@AfterMethod closeSetUp" time="-1.667240162853E9">
    <skipped/>
  </testcase> <!-- @AfterMethod closeSetUp -->
  <testcase classname="com.Test.Test1" name="m1" time="0.0">
    <skipped/>
  </testcase> <!-- m1 -->
  <testcase classname="com.Test.Test11" name="m2" time="0.0">
    <skipped/>
  </testcase> <!-- m2 -->
  <testcase classname="com.Utility.BaseClass" name="@BeforeSuite bs" time="0.0">
    <ignored/>
  </testcase> <!-- @BeforeSuite bs -->
</testsuite> <!-- Test -->
